0 info it worked if it ends with ok
1 verbose cli [ '/usr/bin/node', '/usr/bin/npm', 'run', 'flow', 'stop' ]
2 info using npm@3.10.10
3 info using node@v6.16.0
4 verbose stack Error: ENOENT: no such file or directory, open '/home/brandon/d2dash/buildroot/package/python-kivy/package.json'
4 verbose stack     at Error (native)
5 verbose cwd /home/brandon/d2dash/buildroot/package/python-kivy
6 error Linux 4.4.0-135-generic
7 error argv "/usr/bin/node" "/usr/bin/npm" "run" "flow" "stop"
8 error node v6.16.0
9 error npm  v3.10.10
10 error path /home/brandon/d2dash/buildroot/package/python-kivy/package.json
11 error code ENOENT
12 error errno -2
13 error syscall open
14 error enoent ENOENT: no such file or directory, open '/home/brandon/d2dash/buildroot/package/python-kivy/package.json'
15 error enoent ENOENT: no such file or directory, open '/home/brandon/d2dash/buildroot/package/python-kivy/package.json'
15 error enoent This is most likely not a problem with npm itself
15 error enoent and is related to npm not being able to find a file.
16 verbose exit [ -2, true ]
